<?xml version="1.0" encoding="UTF-8"?>
<!-- Generated by org.testng.reporters.JUnitReportReporter -->
<testsuite ignored="0" hostname="HP" failures="0" tests="1" name="RajTensileConstruction.RajTensileConstruction.WalkwayTensileStructure" time="23.546" errors="0" timestamp="29 Jun 2024 05:11:42 GMT" skipped="0">
  <testcase classname="RajTensileConstruction.RajTensileConstruction.WalkwayTensileStructure" name="sevices" time="23.546"/>
</testsuite> <!-- RajTensileConstruction.RajTensileConstruction.WalkwayTensileStructure -->
