<?xml version="1.0" encoding="UTF-8"?>
<!-- Generated by org.testng.reporters.JUnitReportReporter -->
<testsuite ignored="0" hostname="HP" failures="0" tests="1" name="RajTensileConstruction.RajTensileConstruction.Getintouch" time="7.859" errors="0" timestamp="29 Jun 2024 04:31:09 GMT" skipped="0">
  <testcase classname="RajTensileConstruction.RajTensileConstruction.Getintouch" name="getintouch" time="7.859"/>
</testsuite> <!-- RajTensileConstruction.RajTensileConstruction.Getintouch -->
