<?xml version="1.0" encoding="UTF-8"?>
<!-- Generated by org.testng.reporters.JUnitReportReporter -->
<testsuite ignored="0" hostname="HP" failures="0" tests="13" name="RajTensileConstruction.RajTensileConstruction.HomepageTest" time="110.964" errors="0" timestamp="29 Jun 2024 04:37:34 GMT" skipped="0">
  <testcase classname="RajTensileConstruction.RajTensileConstruction.HomepageTest" name="whatweoffer" time="40.012"/>
  <testcase classname="RajTensileConstruction.RajTensileConstruction.HomepageTest" name="whoweare" time="0.118"/>
  <testcase classname="RajTensileConstruction.RajTensileConstruction.HomepageTest" name="links" time="20.162"/>
  <testcase classname="RajTensileConstruction.RajTensileConstruction.HomepageTest" name="discovermore" time="7.267"/>
  <testcase classname="RajTensileConstruction.RajTensileConstruction.HomepageTest" name="contactus" time="4.713"/>
  <testcase classname="RajTensileConstruction.RajTensileConstruction.HomepageTest" name="socaillinks" time="10.358"/>
  <testcase classname="RajTensileConstruction.RajTensileConstruction.HomepageTest" name="ourprojects" time="8.287"/>
  <testcase classname="RajTensileConstruction.RajTensileConstruction.HomepageTest" name="worktogether" time="6.400"/>
  <testcase classname="RajTensileConstruction.RajTensileConstruction.HomepageTest" name="leftarrow" time="2.497"/>
  <testcase classname="RajTensileConstruction.RajTensileConstruction.HomepageTest" name="logo" time="3.848"/>
  <testcase classname="RajTensileConstruction.RajTensileConstruction.HomepageTest" name="rightarrow" time="2.539"/>
  <testcase classname="RajTensileConstruction.RajTensileConstruction.HomepageTest" name="search" time="2.537"/>
  <testcase classname="RajTensileConstruction.RajTensileConstruction.HomepageTest" name="knowusbetter" time="2.226"/>
</testsuite> <!-- RajTensileConstruction.RajTensileConstruction.HomepageTest -->
