<?xml version="1.0" encoding="UTF-8"?>
<!-- Generated by org.testng.reporters.JUnitReportReporter -->
<testsuite ignored="0" hostname="HP" failures="0" tests="1" name="RajTensileConstruction.RajTensileConstruction.AuditoriumTensileStructure" time="18.862" errors="0" timestamp="29 Jun 2024 05:18:03 GMT" skipped="0">
  <testcase classname="RajTensileConstruction.RajTensileConstruction.AuditoriumTensileStructure" name="sevices" time="18.862"/>
</testsuite> <!-- RajTensileConstruction.RajTensileConstruction.AuditoriumTensileStructure -->
