<?xml version="1.0" encoding="UTF-8"?>
<!-- Generated by org.testng.reporters.JUnitReportReporter -->
<testsuite ignored="0" hostname="HP" failures="0" tests="1" name="RajTensileConstruction.RajTensileConstruction.servicesTest" time="43.523" errors="0" timestamp="29 Jun 2024 04:58:15 GMT" skipped="0">
  <testcase classname="RajTensileConstruction.RajTensileConstruction.servicesTest" name="sevices" time="43.523"/>
</testsuite> <!-- RajTensileConstruction.RajTensileConstruction.servicesTest -->
