<?xml version="1.0" encoding="UTF-8"?>
<!-- Generated by org.testng.reporters.JUnitReportReporter -->
<testsuite ignored="0" hostname="HP" failures="0" tests="5" name="RajTensileConstruction.RajTensileConstruction.projectTest" time="32.511" errors="0" timestamp="29 Jun 2024 04:33:03 GMT" skipped="0">
  <testcase classname="RajTensileConstruction.RajTensileConstruction.projectTest" name="gulmohar" time="8.298"/>
  <testcase classname="RajTensileConstruction.RajTensileConstruction.projectTest" name="worktogether" time="5.614"/>
  <testcase classname="RajTensileConstruction.RajTensileConstruction.projectTest" name="projects" time="3.124"/>
  <testcase classname="RajTensileConstruction.RajTensileConstruction.projectTest" name="vaibhav" time="7.512"/>
  <testcase classname="RajTensileConstruction.RajTensileConstruction.projectTest" name="animal" time="7.963"/>
</testsuite> <!-- RajTensileConstruction.RajTensileConstruction.projectTest -->
