<?xml version="1.0" encoding="UTF-8"?>
<!-- Generated by org.testng.reporters.JUnitReportReporter -->
<testsuite ignored="0" hostname="HP" failures="0" tests="1" name="RajTensileConstruction.RajTensileConstruction.SwimmingPoolTesnileCovering" time="21.290" errors="0" timestamp="29 Jun 2024 05:29:21 GMT" skipped="0">
  <testcase classname="RajTensileConstruction.RajTensileConstruction.SwimmingPoolTesnileCovering" name="sevices" time="21.290"/>
</testsuite> <!-- RajTensileConstruction.RajTensileConstruction.SwimmingPoolTesnileCovering -->
