<?xml version="1.0" encoding="UTF-8"?>
<!-- Generated by org.testng.reporters.JUnitReportReporter -->
<testsuite ignored="0" hostname="HP" failures="0" tests="1" name="RajTensileConstruction.RajTensileConstruction.GazeboTensileStructure" time="22.705" errors="0" timestamp="29 Jun 2024 05:23:43 GMT" skipped="0">
  <testcase classname="RajTensileConstruction.RajTensileConstruction.GazeboTensileStructure" name="sevices" time="22.705"/>
</testsuite> <!-- RajTensileConstruction.RajTensileConstruction.GazeboTensileStructure -->
