<?xml version="1.0" encoding="UTF-8"?>
<!-- Generated by org.testng.reporters.JUnitReportReporter -->
<testsuite ignored="0" hostname="HP" failures="0" tests="1" name="RajTensileConstruction.RajTensileConstruction.CarparkingTensileStructure" time="38.377" errors="0" timestamp="29 Jun 2024 05:03:37 GMT" skipped="0">
  <testcase classname="RajTensileConstruction.RajTensileConstruction.CarparkingTensileStructure" name="sevices" time="38.377"/>
</testsuite> <!-- RajTensileConstruction.RajTensileConstruction.CarparkingTensileStructure -->
