<?xml version="1.0" encoding="UTF-8"?>
<!-- Generated by org.testng.reporters.JUnitReportReporter -->
<testsuite ignored="0" hostname="HP" failures="0" tests="10" name="RajTensileConstruction.RajTensileConstruction.aboutusTest" time="61.349" errors="0" timestamp="29 Jun 2024 04:30:21 GMT" skipped="0">
  <testcase classname="RajTensileConstruction.RajTensileConstruction.aboutusTest" name="abhi" time="2.468"/>
  <testcase classname="RajTensileConstruction.RajTensileConstruction.aboutusTest" name="akshay" time="2.402"/>
  <testcase classname="RajTensileConstruction.RajTensileConstruction.aboutusTest" name="whychooseus" time="6.645"/>
  <testcase classname="RajTensileConstruction.RajTensileConstruction.aboutusTest" name="bestfeactures" time="6.560"/>
  <testcase classname="RajTensileConstruction.RajTensileConstruction.aboutusTest" name="companyprof" time="0.227"/>
  <testcase classname="RajTensileConstruction.RajTensileConstruction.aboutusTest" name="aboutus" time="15.904"/>
  <testcase classname="RajTensileConstruction.RajTensileConstruction.aboutusTest" name="vinay" time="2.372"/>
  <testcase classname="RajTensileConstruction.RajTensileConstruction.aboutusTest" name="worktogether" time="19.975"/>
  <testcase classname="RajTensileConstruction.RajTensileConstruction.aboutusTest" name="visibility" time="0.266"/>
  <testcase classname="RajTensileConstruction.RajTensileConstruction.aboutusTest" name="ourteam" time="4.530"/>
</testsuite> <!-- RajTensileConstruction.RajTensileConstruction.aboutusTest -->
