<?xml version="1.0" encoding="UTF-8"?>
<!-- Generated by org.testng.reporters.JUnitReportReporter -->
<testsuite ignored="0" hostname="HP" failures="0" tests="1" name="RajTensileConstruction.RajTensileConstruction.StadiumTensileStructure" time="18.846" errors="0" timestamp="29 Jun 2024 05:35:04 GMT" skipped="0">
  <testcase classname="RajTensileConstruction.RajTensileConstruction.StadiumTensileStructure" name="sevices" time="18.846"/>
</testsuite> <!-- RajTensileConstruction.RajTensileConstruction.StadiumTensileStructure -->
